[0m14:47:09.868451 [debug] [MainThread]: Sending event: {'category': 'dbt', 'action': 'invocation', 'label': 'start', 'context': [<snowplow_tracker.self_describing_json.SelfDescribingJson object at 0x000001F859F7A2D0>, <snowplow_tracker.self_describing_json.SelfDescribingJson object at 0x000001F859F7A0D0>, <snowplow_tracker.self_describing_json.SelfDescribingJson object at 0x000001F859E37450>]}


============================== 14:47:09.873452 | 77f2f188-1cf9-473a-bfea-07e84cb843f6 ==============================
[0m14:47:09.873452 [info ] [MainThread]: Running with dbt=1.9.0
[0m14:47:09.874455 [debug] [MainThread]: running dbt with arguments {'printer_width': '80', 'indirect_selection': 'eager', 'write_json': 'True', 'log_cache_events': 'False', 'partial_parse': 'True', 'cache_selected_only': 'False', 'profiles_dir': 'C:\\Users\\Admin\\.dbt', 'fail_fast': 'False', 'warn_error': 'None', 'log_path': 'logs', 'debug': 'False', 'version_check': 'True', 'use_colors': 'True', 'use_experimental_parser': 'False', 'empty': 'None', 'quiet': 'False', 'no_print': 'None', 'warn_error_options': 'WarnErrorOptions(include=[], exclude=[])', 'static_parser': 'True', 'invocation_command': 'dbt init', 'log_format': 'default', 'target_path': 'None', 'introspect': 'True', 'send_anonymous_usage_stats': 'True'}
[0m14:48:02.569220 [debug] [MainThread]: Starter project path: C:\Users\Admin\Envs\dbt_env\Lib\site-packages\dbt\include\starter_project
[0m14:48:02.678242 [info ] [MainThread]: 
Your new dbt project "sleekmart_project" was created!

For more information on how to configure the profiles.yml file,
please consult the dbt documentation here:

  https://docs.getdbt.com/docs/configure-your-profile

One more thing:

Need help? Don't hesitate to reach out to us via GitHub issues or on Slack:

  https://community.getdbt.com/

Happy modeling!

[0m14:48:02.682614 [info ] [MainThread]: Setting up your profile.
[0m14:49:22.970814 [info ] [MainThread]: Profile sleekmart_project written to C:\Users\Admin\.dbt\profiles.yml using target's profile_template.yml and your supplied values. Run 'dbt debug' to validate the connection.
[0m14:49:22.976434 [debug] [MainThread]: Command `dbt init` succeeded at 14:49:22.975380 after 133.20 seconds
[0m14:49:22.978387 [debug] [MainThread]: Sending event: {'category': 'dbt', 'action': 'invocation', 'label': 'end', 'context': [<snowplow_tracker.self_describing_json.SelfDescribingJson object at 0x000001F859F2B090>, <snowplow_tracker.self_describing_json.SelfDescribingJson object at 0x000001F859F2BA10>, <snowplow_tracker.self_describing_json.SelfDescribingJson object at 0x000001F859F27E90>]}
[0m14:49:22.980246 [debug] [MainThread]: Flushing usage events
[0m14:49:23.889652 [debug] [MainThread]: An error was encountered while trying to flush usage events
[0m23:24:34.989117 [debug] [MainThread]: Sending event: {'category': 'dbt', 'action': 'invocation', 'label': 'start', 'context': [<snowplow_tracker.self_describing_json.SelfDescribingJson object at 0x000001942B566650>, <snowplow_tracker.self_describing_json.SelfDescribingJson object at 0x000001942A8B8490>, <snowplow_tracker.self_describing_json.SelfDescribingJson object at 0x000001942B480290>]}


============================== 23:24:34.994513 | cf3cc19f-30a0-4dc5-b47e-5aaab568a5eb ==============================
[0m23:24:34.994513 [info ] [MainThread]: Running with dbt=1.9.0
[0m23:24:34.994513 [debug] [MainThread]: running dbt with arguments {'printer_width': '80', 'indirect_selection': 'eager', 'write_json': 'True', 'log_cache_events': 'False', 'partial_parse': 'True', 'cache_selected_only': 'False', 'profiles_dir': 'C:\\Users\\Admin\\.dbt', 'debug': 'False', 'version_check': 'True', 'log_path': 'logs', 'warn_error': 'None', 'fail_fast': 'False', 'use_colors': 'True', 'use_experimental_parser': 'False', 'empty': 'None', 'quiet': 'False', 'no_print': 'None', 'log_format': 'default', 'static_parser': 'True', 'warn_error_options': 'WarnErrorOptions(include=[], exclude=[])', 'introspect': 'True', 'target_path': 'None', 'invocation_command': 'dbt test', 'send_anonymous_usage_stats': 'True'}
[0m23:24:34.997408 [error] [MainThread]: Encountered an error:
Runtime Error
  No dbt_project.yml found at expected path C:\Users\Admin\Documents\Data Science\practice projects\SLEEKMART\dbt_project.yml
  Verify that each entry within packages.yml (and their transitive dependencies) contains a file named dbt_project.yml
  
[0m23:24:34.997408 [debug] [MainThread]: Command `dbt test` failed at 23:24:34.997408 after 0.11 seconds
[0m23:24:34.997408 [debug] [MainThread]: Sending event: {'category': 'dbt', 'action': 'invocation', 'label': 'end', 'context': [<snowplow_tracker.self_describing_json.SelfDescribingJson object at 0x000001942B558310>, <snowplow_tracker.self_describing_json.SelfDescribingJson object at 0x000001942B5AE550>, <snowplow_tracker.self_describing_json.SelfDescribingJson object at 0x000001942B55A4D0>]}
[0m23:24:34.997408 [debug] [MainThread]: Flushing usage events
[0m23:24:35.944648 [debug] [MainThread]: An error was encountered while trying to flush usage events
